run_id=inject-bad
raw_records=13
cleaned_records=7
quarantine_records=6
cleaned_csv=artifacts/cleaned/cleaned_inject-bad.csv
quarantine_csv=artifacts/quarantine/quarantine_inject-bad.csv
expectation[min_one_row] OK (halt) :: cleaned_rows=7
expectation[no_empty_doc_id] OK (halt) :: empty_doc_id_count=0
expectation[refund_no_stale_14d_window] FAIL (halt) :: violations=1
expectation[chunk_min_length_8] OK (warn) :: short_chunks=0
expectation[effective_date_iso_yyyy_mm_dd] OK (halt) :: non_iso_rows=0
expectation[hr_leave_no_stale_10d_annual] OK (halt) :: violations=0
expectation[exported_at_present_all_cleaned_rows] OK (halt) :: empty_exported_at_count=0
expectation[cleaned_at_least_three_distinct_doc_ids] OK (halt) :: distinct_doc_ids=4 :: ['hr_leave_policy', 'it_helpdesk_faq', 'policy_refund_v4', 'sla_p1_2026']
WARN: expectation failed but --skip-validate → tiếp tục embed (chỉ dùng cho demo Sprint 3).
embed_prune_removed=1
embed_upsert count=7 collection=day10_kb
manifest_written=artifacts/manifests/manifest_inject-bad.json
freshness_check=PASS {"latest_exported_at": "2026-04-15T08:00:00", "age_hours": -3.228, "sla_hours": 24.0}
PIPELINE_OK
run_id=inject-bad
raw_records=13
cleaned_records=7
quarantine_records=6
cleaned_csv=artifacts/cleaned/cleaned_inject-bad.csv
quarantine_csv=artifacts/quarantine/quarantine_inject-bad.csv
expectation[min_one_row] OK (halt) :: cleaned_rows=7
expectation[no_empty_doc_id] OK (halt) :: empty_doc_id_count=0
expectation[refund_no_stale_14d_window] FAIL (halt) :: violations=1
expectation[chunk_min_length_8] OK (warn) :: short_chunks=0
expectation[effective_date_iso_yyyy_mm_dd] OK (halt) :: non_iso_rows=0
expectation[hr_leave_no_stale_10d_annual] OK (halt) :: violations=0
expectation[exported_at_present_all_cleaned_rows] OK (halt) :: empty_exported_at_count=0
expectation[cleaned_at_least_three_distinct_doc_ids] OK (halt) :: distinct_doc_ids=4 :: ['hr_leave_policy', 'it_helpdesk_faq', 'policy_refund_v4', 'sla_p1_2026']
WARN: expectation failed but --skip-validate → tiếp tục embed (chỉ dùng cho demo Sprint 3).
embed_prune_removed=1
embed_upsert count=7 collection=day10_kb
manifest_written=artifacts/manifests/manifest_inject-bad.json
freshness_check=PASS {"latest_exported_at": "2026-04-15T08:00:00", "age_hours": 0.351, "sla_hours": 24.0}
PIPELINE_OK
